Added Pin To Net: NetName=OSC_IN Pin=U0-5
Added Pin To Net: NetName=NetC0_1 Pin=U0-7
Added Pin To Net: NetName=GND Pin=U0-8
Added Pin To Net: NetName=VCC Pin=U0-9
Added Pin To Net: NetName=BT_TX Pin=U0-12
Added Pin To Net: NetName=BT_RX Pin=U0-13
Added Pin To Net: NetName=SPI_NSS Pin=U0-14
Added Pin To Net: NetName=SPI_SCK Pin=U0-15
Added Pin To Net: NetName=SPI_MISO Pin=U0-16
Added Pin To Net: NetName=SPI_MOSI Pin=U0-17
Added Pin To Net: NetName=BT_DISC Pin=U0-19
Added Pin To Net: NetName=GND Pin=U0-20
Added Pin To Net: NetName=BT_PWRC Pin=U0-21
Added Pin To Net: NetName=NetC5_1 Pin=U0-22
Added Pin To Net: NetName=GND Pin=U0-23
Added Pin To Net: NetName=3.3V Pin=U0-24
Added Pin To Net: NetName=ICE_TX Pin=U0-30
Added Pin To Net: NetName=ICE_RX Pin=U0-31
Added Pin To Net: NetName=SW_Data Pin=U0-34
Added Pin To Net: NetName=GND Pin=U0-35
Added Pin To Net: NetName=3.3V Pin=U0-36
Added Pin To Net: NetName=SW_CLK Pin=U0-37
Added Pin To Net: NetName=SCL Pin=U0-42
Added Pin To Net: NetName=SDA Pin=U0-43
Added Pin To Net: NetName=NetR9_2 Pin=U0-44
Added Pin To Net: NetName=PWM0 Pin=U0-46
Added Pin To Net: NetName=GND Pin=U0-47
Added Pin To Net: NetName=3.3V Pin=U0-48
Added Member To Class: ClassName=Sheet1 Member=Component U0 STM32F401CC
