Removed Pin From Net: NetName=OSC_IN Pin=U0-5
Removed Pin From Net: NetName=NetC0_1 Pin=U0-7
Removed Pin From Net: NetName=GND Pin=U0-8
Removed Pin From Net: NetName=VCC Pin=U0-9
Removed Pin From Net: NetName=BT_TX Pin=U0-12
Removed Pin From Net: NetName=BT_RX Pin=U0-13
Removed Pin From Net: NetName=SPI_NSS Pin=U0-14
Removed Pin From Net: NetName=SPI_SCK Pin=U0-15
Removed Pin From Net: NetName=SPI_MISO Pin=U0-16
Removed Pin From Net: NetName=SPI_MOSI Pin=U0-17
Removed Pin From Net: NetName=BT_DISC Pin=U0-19
Removed Pin From Net: NetName=GND Pin=U0-20
Removed Pin From Net: NetName=BT_PWRC Pin=U0-21
Removed Pin From Net: NetName=NetC5_1 Pin=U0-22
Removed Pin From Net: NetName=GND Pin=U0-23
Removed Pin From Net: NetName=3.3V Pin=U0-24
Removed Pin From Net: NetName=ICE_TX Pin=U0-30
Removed Pin From Net: NetName=ICE_RX Pin=U0-31
Removed Pin From Net: NetName=SW_Data Pin=U0-34
Removed Pin From Net: NetName=GND Pin=U0-35
Removed Pin From Net: NetName=3.3V Pin=U0-36
Removed Pin From Net: NetName=SW_CLK Pin=U0-37
Removed Pin From Net: NetName=SCL Pin=U0-42
Removed Pin From Net: NetName=SDA Pin=U0-43
Removed Pin From Net: NetName=NetR9_2 Pin=U0-44
Removed Pin From Net: NetName=PWM0 Pin=U0-46
Removed Pin From Net: NetName=GND Pin=U0-47
Removed Pin From Net: NetName=3.3V Pin=U0-48
Removed Pin From Net: NetName=3.3V Pin=U3-1
Removed Pin From Net: NetName=GND Pin=U3-3
Removed Pin From Net: NetName=PMID Pin=U3-4
Removed Pin From Net: NetName=PMID Pin=U3-6
Removed Pin From Net: NetName=GND Pin=U3-7
Removed Member From Class: ClassName=Sheet1 Member=U3
Added Component: Designator=U?(RSL0048B_NV)
Add component. Clean all parameters for all variants
Added Pin To Net: NetName=OSC_IN Pin=U?-5
Added Pin To Net: NetName=NetC0_1 Pin=U?-7
Added Pin To Net: NetName=GND Pin=U?-8
Added Pin To Net: NetName=VCC Pin=U?-9
Added Pin To Net: NetName=BT_TX Pin=U?-12
Added Pin To Net: NetName=BT_RX Pin=U?-13
Added Pin To Net: NetName=SPI_NSS Pin=U?-14
Added Pin To Net: NetName=SPI_SCK Pin=U?-15
Added Pin To Net: NetName=SPI_MISO Pin=U?-16
Added Pin To Net: NetName=SPI_MOSI Pin=U?-17
Added Pin To Net: NetName=BT_DISC Pin=U?-19
Added Pin To Net: NetName=GND Pin=U?-20
Added Pin To Net: NetName=BT_PWRC Pin=U?-21
Added Pin To Net: NetName=NetC5_1 Pin=U?-22
Added Pin To Net: NetName=GND Pin=U?-23
Added Pin To Net: NetName=3.3V Pin=U?-24
Added Pin To Net: NetName=ICE_TX Pin=U?-30
Added Pin To Net: NetName=ICE_RX Pin=U?-31
Added Pin To Net: NetName=SW_Data Pin=U?-34
Added Pin To Net: NetName=GND Pin=U?-35
Added Pin To Net: NetName=3.3V Pin=U?-36
Added Pin To Net: NetName=SW_CLK Pin=U?-37
Added Pin To Net: NetName=SCL Pin=U?-42
Added Pin To Net: NetName=SDA Pin=U?-43
Added Pin To Net: NetName=NetR9_2 Pin=U?-44
Added Pin To Net: NetName=PWM0 Pin=U?-46
Added Pin To Net: NetName=GND Pin=U?-47
Added Pin To Net: NetName=3.3V Pin=U?-48
Added Member To Class: ClassName=Sheet1 Member=Component U? STM32F401CC
