Removed Pin From Net: NetName=NetC16_2 Pin=C16-2
Removed Pin From Net: NetName=3.3V Pin=C19-1
Removed Pin From Net: NetName=GND Pin=C19-2
Removed Pin From Net: NetName=GND Pin=C20-1
Removed Pin From Net: NetName=3.3V Pin=C20-2
Removed Pin From Net: NetName=3.3V Pin=C21-1
Removed Pin From Net: NetName=GND Pin=C21-2
Removed Pin From Net: NetName=NetD0_1 Pin=R1-2
Removed Pin From Net: NetName=NetD1_1 Pin=R2-2
Removed Pin From Net: NetName=SYS Pin=R3-2
Removed Pin From Net: NetName=GND Pin=R4-2
Removed Pin From Net: NetName=GND Pin=R5-2
Removed Pin From Net: NetName=REGN Pin=R6-1
Removed Pin From Net: NetName=GND Pin=R7-2
Removed Pin From Net: NetName=NetD2_2 Pin=R9-1
Removed Pin From Net: NetName=GND Pin=R9-2
Removed Member From Class: ClassName=Sheet1 Member=C20
Change Component Footprint: Designator=C0 Old Footprint=0402 New Footprint=0402S
Change Component Footprint: Designator=C1 Old Footprint=0402 New Footprint=0402S
Change Component Footprint: Designator=C2 Old Footprint=0402 New Footprint=0402S
Change Component Footprint: Designator=C3 Old Footprint=0402 New Footprint=0402S
Change Component Footprint: Designator=C4 Old Footprint=0402 New Footprint=0402S
Change Component Footprint: Designator=C5 Old Footprint=0402 New Footprint=0402S
Change Component Footprint: Designator=C6 Old Footprint=0402 New Footprint=0402S
Change Component Footprint: Designator=C7 Old Footprint=0402 New Footprint=0402S
Change Component Footprint: Designator=C8 Old Footprint=0402 New Footprint=0402S
Change Component Footprint: Designator=C16 Old Footprint=0402 New Footprint=0402S
Change Component Footprint: Designator=C19 Old Footprint=0402 New Footprint=0402S
Change Component Footprint: Designator=C21 Old Footprint=0402 New Footprint=0402S
Change Component Footprint: Designator=R0 Old Footprint=0402 New Footprint=0402S
Change Component Footprint: Designator=R1 Old Footprint=0402 New Footprint=0402S
Change Component Footprint: Designator=R2 Old Footprint=0402 New Footprint=0402S
Change Component Footprint: Designator=R3 Old Footprint=0402 New Footprint=0402S
Change Component Footprint: Designator=R4 Old Footprint=0402 New Footprint=0402S
Change Component Footprint: Designator=R5 Old Footprint=0402 New Footprint=0402S
Change Component Footprint: Designator=R6 Old Footprint=0402 New Footprint=0402S
Change Component Footprint: Designator=R7 Old Footprint=0402 New Footprint=0402S
Change Component Footprint: Designator=R8 Old Footprint=0402 New Footprint=0402S
Change Component Footprint: Designator=R9 Old Footprint=0402 New Footprint=0402S
Change Component Designator: OldDesignator=C19 NewDesignator=C18
Change Component Designator: OldDesignator=C21 NewDesignator=C19
Change component parameters: Designator = "C5"; Footprint = "0402S"; UniqueID = "\NGDKXLQW"
Change component parameters. Clean all parameters for all variants
Change component parameters (AddParameter): Name = "Alternate Manufacturer"; Value = ""; VariantName = "[No Variations]"
Change component parameters (AddParameter): Name = "Alternate PartNumber"; Value = ""; VariantName = "[No Variations]"
Change component parameters (AddParameter): Name = "Cap_Case"; Value = "0402"; VariantName = "[No Variations]"
Change component parameters (AddParameter): Name = "Cap_F"; Value = "0.0000000013"; VariantName = "[No Variations]"
Change component parameters (AddParameter): Name = "ComponentLink1Description"; Value = "Datasheet link"; VariantName = "[No Variations]"
Change component parameters (AddParameter): Name = "ComponentLink1URL"; Value = "https://www.avx.com/docs/catalogs/cx7r.pdf"; VariantName = "[No Variations]"
Change component parameters (AddParameter): Name = "CompType"; Value = "Capacitor"; VariantName = "[No Variations]"
Change component parameters (AddParameter): Name = "ESR_ohm"; Value = ""; VariantName = "[No Variations]"
Change component parameters (AddParameter): Name = "IRMS_A"; Value = ""; VariantName = "[No Variations]"
Change component parameters (AddParameter): Name = "LatestRevisionDate"; Value = "2015-07-02"; VariantName = "[No Variations]"
Change component parameters (AddParameter): Name = "Manufacturer"; Value = "AVX"; VariantName = "[No Variations]"
Change component parameters (AddParameter): Name = "MountType"; Value = "SMT"; VariantName = "[No Variations]"
Change component parameters (AddParameter): Name = "PackageReference"; Value = "0402"; VariantName = "[No Variations]"
Change component parameters (AddParameter): Name = "PartNumber"; Value = "0402YC132KAT2A"; VariantName = "[No Variations]"
Change component parameters (AddParameter): Name = "Polarized"; Value = "N"; VariantName = "[No Variations]"
Change component parameters (AddParameter): Name = "Published"; Value = "2008-06-19"; VariantName = "[No Variations]"
Change component parameters (AddParameter): Name = "Publisher"; Value = "Texas Instruments"; VariantName = "[No Variations]"
Change component parameters (AddParameter): Name = "RoHS"; Value = "Y"; VariantName = "[No Variations]"
Change component parameters (AddParameter): Name = "Supplier 1"; Value = "Digi-Key"; VariantName = "[No Variations]"
Change component parameters (AddParameter): Name = "Supplier 2"; Value = ""; VariantName = "[No Variations]"
Change component parameters (AddParameter): Name = "Supplier 3"; Value = ""; VariantName = "[No Variations]"
Change component parameters (AddParameter): Name = "Supplier Part Number 1"; Value = "0402YC132KAT2A-ND"; VariantName = "[No Variations]"
Change component parameters (AddParameter): Name = "Supplier Part Number 2"; Value = ""; VariantName = "[No Variations]"
Change component parameters (AddParameter): Name = "Supplier Part Number 3"; Value = ""; VariantName = "[No Variations]"
Change component parameters (AddParameter): Name = "SymbolVersion"; Value = "2008-07-09"; VariantName = "[No Variations]"
Change component parameters (AddParameter): Name = "TaMax_C"; Value = "125"; VariantName = "[No Variations]"
Change component parameters (AddParameter): Name = "TaMin_C"; Value = "-55"; VariantName = "[No Variations]"
Change component parameters (AddParameter): Name = "Technology"; Value = "Ceramic"; VariantName = "[No Variations]"
Change component parameters (AddParameter): Name = "TempCo"; Value = "X7R"; VariantName = "[No Variations]"
Change component parameters (AddParameter): Name = "Tolerance_%"; Value = "10"; VariantName = "[No Variations]"
Change component parameters (AddParameter): Name = "U/M"; Value = "EA"; VariantName = "[No Variations]"
Change component parameters (AddParameter): Name = "Value"; Value = "1300pF"; VariantName = "[No Variations]"
Change component parameters (AddParameter): Name = "Value1"; Value = "Unknown"; VariantName = "[No Variations]"
Change component parameters (AddParameter): Name = "Value2"; Value = "16V"; VariantName = "[No Variations]"
Change component parameters (AddParameter): Name = "ValueDisplayed"; Value = "0.1uF"; VariantName = "[No Variations]"
Change component parameters (AddParameter): Name = "VDC_V"; Value = "16"; VariantName = "[No Variations]"
Change component parameters: Designator = "C6"; Footprint = "0402S"; UniqueID = "\WFYOWLPG"
Change component parameters. Clean all parameters for all variants
Change component parameters (AddParameter): Name = "Alternate Manufacturer"; Value = ""; VariantName = "[No Variations]"
Change component parameters (AddParameter): Name = "Alternate PartNumber"; Value = ""; VariantName = "[No Variations]"
Change component parameters (AddParameter): Name = "Cap_Case"; Value = "0402"; VariantName = "[No Variations]"
Change component parameters (AddParameter): Name = "Cap_F"; Value = "0.0000000013"; VariantName = "[No Variations]"
Change component parameters (AddParameter): Name = "ComponentLink1Description"; Value = "Datasheet link"; VariantName = "[No Variations]"
Change component parameters (AddParameter): Name = "ComponentLink1URL"; Value = "https://www.avx.com/docs/catalogs/cx7r.pdf"; VariantName = "[No Variations]"
Change component parameters (AddParameter): Name = "CompType"; Value = "Capacitor"; VariantName = "[No Variations]"
Change component parameters (AddParameter): Name = "ESR_ohm"; Value = ""; VariantName = "[No Variations]"
Change component parameters (AddParameter): Name = "IRMS_A"; Value = ""; VariantName = "[No Variations]"
Change component parameters (AddParameter): Name = "LatestRevisionDate"; Value = "2015-07-02"; VariantName = "[No Variations]"
Change component parameters (AddParameter): Name = "Manufacturer"; Value = "AVX"; VariantName = "[No Variations]"
Change component parameters (AddParameter): Name = "MountType"; Value = "SMT"; VariantName = "[No Variations]"
Change component parameters (AddParameter): Name = "PackageReference"; Value = "0402"; VariantName = "[No Variations]"
Change component parameters (AddParameter): Name = "PartNumber"; Value = "0402YC132KAT2A"; VariantName = "[No Variations]"
Change component parameters (AddParameter): Name = "Polarized"; Value = "N"; VariantName = "[No Variations]"
Change component parameters (AddParameter): Name = "Published"; Value = "2008-06-19"; VariantName = "[No Variations]"
Change component parameters (AddParameter): Name = "Publisher"; Value = "Texas Instruments"; VariantName = "[No Variations]"
Change component parameters (AddParameter): Name = "RoHS"; Value = "Y"; VariantName = "[No Variations]"
Change component parameters (AddParameter): Name = "Supplier 1"; Value = "Digi-Key"; VariantName = "[No Variations]"
Change component parameters (AddParameter): Name = "Supplier 2"; Value = ""; VariantName = "[No Variations]"
Change component parameters (AddParameter): Name = "Supplier 3"; Value = ""; VariantName = "[No Variations]"
Change component parameters (AddParameter): Name = "Supplier Part Number 1"; Value = "0402YC132KAT2A-ND"; VariantName = "[No Variations]"
Change component parameters (AddParameter): Name = "Supplier Part Number 2"; Value = ""; VariantName = "[No Variations]"
Change component parameters (AddParameter): Name = "Supplier Part Number 3"; Value = ""; VariantName = "[No Variations]"
Change component parameters (AddParameter): Name = "SymbolVersion"; Value = "2008-07-09"; VariantName = "[No Variations]"
Change component parameters (AddParameter): Name = "TaMax_C"; Value = "125"; VariantName = "[No Variations]"
Change component parameters (AddParameter): Name = "TaMin_C"; Value = "-55"; VariantName = "[No Variations]"
Change component parameters (AddParameter): Name = "Technology"; Value = "Ceramic"; VariantName = "[No Variations]"
Change component parameters (AddParameter): Name = "TempCo"; Value = "X7R"; VariantName = "[No Variations]"
Change component parameters (AddParameter): Name = "Tolerance_%"; Value = "10"; VariantName = "[No Variations]"
Change component parameters (AddParameter): Name = "U/M"; Value = "EA"; VariantName = "[No Variations]"
Change component parameters (AddParameter): Name = "Value"; Value = "1300pF"; VariantName = "[No Variations]"
Change component parameters (AddParameter): Name = "Value1"; Value = "Unknown"; VariantName = "[No Variations]"
Change component parameters (AddParameter): Name = "Value2"; Value = "16V"; VariantName = "[No Variations]"
Change component parameters (AddParameter): Name = "ValueDisplayed"; Value = "0.1uF"; VariantName = "[No Variations]"
Change component parameters (AddParameter): Name = "VDC_V"; Value = "16"; VariantName = "[No Variations]"
Change component parameters: Designator = "C7"; Footprint = "0402S"; UniqueID = "\EAWHCQPC"
Change component parameters. Clean all parameters for all variants
Change component parameters (AddParameter): Name = "Alternate Manufacturer"; Value = ""; VariantName = "[No Variations]"
Change component parameters (AddParameter): Name = "Alternate PartNumber"; Value = ""; VariantName = "[No Variations]"
Change component parameters (AddParameter): Name = "Cap_Case"; Value = "0402"; VariantName = "[No Variations]"
Change component parameters (AddParameter): Name = "Cap_F"; Value = "0.0000000013"; VariantName = "[No Variations]"
Change component parameters (AddParameter): Name = "ComponentLink1Description"; Value = "Datasheet link"; VariantName = "[No Variations]"
Change component parameters (AddParameter): Name = "ComponentLink1URL"; Value = "https://www.avx.com/docs/catalogs/cx7r.pdf"; VariantName = "[No Variations]"
Change component parameters (AddParameter): Name = "CompType"; Value = "Capacitor"; VariantName = "[No Variations]"
Change component parameters (AddParameter): Name = "ESR_ohm"; Value = ""; VariantName = "[No Variations]"
Change component parameters (AddParameter): Name = "IRMS_A"; Value = ""; VariantName = "[No Variations]"
Change component parameters (AddParameter): Name = "LatestRevisionDate"; Value = "2015-07-02"; VariantName = "[No Variations]"
Change component parameters (AddParameter): Name = "Manufacturer"; Value = "AVX"; VariantName = "[No Variations]"
Change component parameters (AddParameter): Name = "MountType"; Value = "SMT"; VariantName = "[No Variations]"
Change component parameters (AddParameter): Name = "PackageReference"; Value = "0402"; VariantName = "[No Variations]"
Change component parameters (AddParameter): Name = "PartNumber"; Value = "0402YC132KAT2A"; VariantName = "[No Variations]"
Change component parameters (AddParameter): Name = "Polarized"; Value = "N"; VariantName = "[No Variations]"
Change component parameters (AddParameter): Name = "Published"; Value = "2008-06-19"; VariantName = "[No Variations]"
Change component parameters (AddParameter): Name = "Publisher"; Value = "Texas Instruments"; VariantName = "[No Variations]"
Change component parameters (AddParameter): Name = "RoHS"; Value = "Y"; VariantName = "[No Variations]"
Change component parameters (AddParameter): Name = "Supplier 1"; Value = "Digi-Key"; VariantName = "[No Variations]"
Change component parameters (AddParameter): Name = "Supplier 2"; Value = ""; VariantName = "[No Variations]"
Change component parameters (AddParameter): Name = "Supplier 3"; Value = ""; VariantName = "[No Variations]"
Change component parameters (AddParameter): Name = "Supplier Part Number 1"; Value = "0402YC132KAT2A-ND"; VariantName = "[No Variations]"
Change component parameters (AddParameter): Name = "Supplier Part Number 2"; Value = ""; VariantName = "[No Variations]"
Change component parameters (AddParameter): Name = "Supplier Part Number 3"; Value = ""; VariantName = "[No Variations]"
Change component parameters (AddParameter): Name = "SymbolVersion"; Value = "2008-07-09"; VariantName = "[No Variations]"
Change component parameters (AddParameter): Name = "TaMax_C"; Value = "125"; VariantName = "[No Variations]"
Change component parameters (AddParameter): Name = "TaMin_C"; Value = "-55"; VariantName = "[No Variations]"
Change component parameters (AddParameter): Name = "Technology"; Value = "Ceramic"; VariantName = "[No Variations]"
Change component parameters (AddParameter): Name = "TempCo"; Value = "X7R"; VariantName = "[No Variations]"
Change component parameters (AddParameter): Name = "Tolerance_%"; Value = "10"; VariantName = "[No Variations]"
Change component parameters (AddParameter): Name = "U/M"; Value = "EA"; VariantName = "[No Variations]"
Change component parameters (AddParameter): Name = "Value"; Value = "1300pF"; VariantName = "[No Variations]"
Change component parameters (AddParameter): Name = "Value1"; Value = "Unknown"; VariantName = "[No Variations]"
Change component parameters (AddParameter): Name = "Value2"; Value = "16V"; VariantName = "[No Variations]"
Change component parameters (AddParameter): Name = "ValueDisplayed"; Value = "0.1uF"; VariantName = "[No Variations]"
Change component parameters (AddParameter): Name = "VDC_V"; Value = "16"; VariantName = "[No Variations]"
Change component parameters: Designator = "C16"; Footprint = "0402S"; UniqueID = "\BNVHSMAH"
Change component parameters. Clean all parameters for all variants
Change component parameters (AddParameter): Name = "Alternate Manufacturer"; Value = ""; VariantName = "[No Variations]"
Change component parameters (AddParameter): Name = "Alternate PartNumber"; Value = ""; VariantName = "[No Variations]"
Change component parameters (AddParameter): Name = "Cap_Case"; Value = "0402"; VariantName = "[No Variations]"
Change component parameters (AddParameter): Name = "Cap_F"; Value = "0.0000000013"; VariantName = "[No Variations]"
Change component parameters (AddParameter): Name = "ComponentLink1Description"; Value = "Datasheet link"; VariantName = "[No Variations]"
Change component parameters (AddParameter): Name = "ComponentLink1URL"; Value = "https://www.avx.com/docs/catalogs/cx7r.pdf"; VariantName = "[No Variations]"
Change component parameters (AddParameter): Name = "CompType"; Value = "Capacitor"; VariantName = "[No Variations]"
Change component parameters (AddParameter): Name = "ESR_ohm"; Value = ""; VariantName = "[No Variations]"
Change component parameters (AddParameter): Name = "IRMS_A"; Value = ""; VariantName = "[No Variations]"
Change component parameters (AddParameter): Name = "LatestRevisionDate"; Value = "2015-07-02"; VariantName = "[No Variations]"
Change component parameters (AddParameter): Name = "Manufacturer"; Value = "AVX"; VariantName = "[No Variations]"
Change component parameters (AddParameter): Name = "MountType"; Value = "SMT"; VariantName = "[No Variations]"
Change component parameters (AddParameter): Name = "PackageReference"; Value = "0402"; VariantName = "[No Variations]"
Change component parameters (AddParameter): Name = "PartNumber"; Value = "0402YC132KAT2A"; VariantName = "[No Variations]"
Change component parameters (AddParameter): Name = "Polarized"; Value = "N"; VariantName = "[No Variations]"
Change component parameters (AddParameter): Name = "Published"; Value = "2008-06-19"; VariantName = "[No Variations]"
Change component parameters (AddParameter): Name = "Publisher"; Value = "Texas Instruments"; VariantName = "[No Variations]"
Change component parameters (AddParameter): Name = "RoHS"; Value = "Y"; VariantName = "[No Variations]"
Change component parameters (AddParameter): Name = "Supplier 1"; Value = "Digi-Key"; VariantName = "[No Variations]"
Change component parameters (AddParameter): Name = "Supplier 2"; Value = ""; VariantName = "[No Variations]"
Change component parameters (AddParameter): Name = "Supplier 3"; Value = ""; VariantName = "[No Variations]"
Change component parameters (AddParameter): Name = "Supplier Part Number 1"; Value = "0402YC132KAT2A-ND"; VariantName = "[No Variations]"
Change component parameters (AddParameter): Name = "Supplier Part Number 2"; Value = ""; VariantName = "[No Variations]"
Change component parameters (AddParameter): Name = "Supplier Part Number 3"; Value = ""; VariantName = "[No Variations]"
Change component parameters (AddParameter): Name = "SymbolVersion"; Value = "2008-07-09"; VariantName = "[No Variations]"
Change component parameters (AddParameter): Name = "TaMax_C"; Value = "125"; VariantName = "[No Variations]"
Change component parameters (AddParameter): Name = "TaMin_C"; Value = "-55"; VariantName = "[No Variations]"
Change component parameters (AddParameter): Name = "Technology"; Value = "Ceramic"; VariantName = "[No Variations]"
Change component parameters (AddParameter): Name = "TempCo"; Value = "X7R"; VariantName = "[No Variations]"
Change component parameters (AddParameter): Name = "Tolerance_%"; Value = "10"; VariantName = "[No Variations]"
Change component parameters (AddParameter): Name = "U/M"; Value = "EA"; VariantName = "[No Variations]"
Change component parameters (AddParameter): Name = "Value"; Value = "1300pF"; VariantName = "[No Variations]"
Change component parameters (AddParameter): Name = "Value1"; Value = "Unknown"; VariantName = "[No Variations]"
Change component parameters (AddParameter): Name = "Value2"; Value = "16V"; VariantName = "[No Variations]"
Change component parameters (AddParameter): Name = "ValueDisplayed"; Value = "0.1uF"; VariantName = "[No Variations]"
Change component parameters (AddParameter): Name = "VDC_V"; Value = "16"; VariantName = "[No Variations]"
Added Component: Designator=C17(0402S)
Add component. Clean all parameters for all variants
Add component (AddParameter): Name = "Alternate Manufacturer"; Value = ""; VariantName = "[No Variations]"
Add component (AddParameter): Name = "Alternate PartNumber"; Value = ""; VariantName = "[No Variations]"
Add component (AddParameter): Name = "Cap_Case"; Value = "0402"; VariantName = "[No Variations]"
Add component (AddParameter): Name = "Cap_F"; Value = "0.0000000013"; VariantName = "[No Variations]"
Add component (AddParameter): Name = "ComponentLink1Description"; Value = "Datasheet link"; VariantName = "[No Variations]"
Add component (AddParameter): Name = "ComponentLink1URL"; Value = "https://www.avx.com/docs/catalogs/cx7r.pdf"; VariantName = "[No Variations]"
Add component (AddParameter): Name = "CompType"; Value = "Capacitor"; VariantName = "[No Variations]"
Add component (AddParameter): Name = "ESR_ohm"; Value = ""; VariantName = "[No Variations]"
Add component (AddParameter): Name = "IRMS_A"; Value = ""; VariantName = "[No Variations]"
Add component (AddParameter): Name = "LatestRevisionDate"; Value = "2015-07-02"; VariantName = "[No Variations]"
Add component (AddParameter): Name = "Manufacturer"; Value = "AVX"; VariantName = "[No Variations]"
Add component (AddParameter): Name = "MountType"; Value = "SMT"; VariantName = "[No Variations]"
Add component (AddParameter): Name = "PackageReference"; Value = "0402"; VariantName = "[No Variations]"
Add component (AddParameter): Name = "PartNumber"; Value = "0402YC132KAT2A"; VariantName = "[No Variations]"
Add component (AddParameter): Name = "Polarized"; Value = "N"; VariantName = "[No Variations]"
Add component (AddParameter): Name = "Published"; Value = "2008-06-19"; VariantName = "[No Variations]"
Add component (AddParameter): Name = "Publisher"; Value = "Texas Instruments"; VariantName = "[No Variations]"
Add component (AddParameter): Name = "RoHS"; Value = "Y"; VariantName = "[No Variations]"
Add component (AddParameter): Name = "Supplier 1"; Value = "Digi-Key"; VariantName = "[No Variations]"
Add component (AddParameter): Name = "Supplier 2"; Value = ""; VariantName = "[No Variations]"
Add component (AddParameter): Name = "Supplier 3"; Value = ""; VariantName = "[No Variations]"
Add component (AddParameter): Name = "Supplier Part Number 1"; Value = "0402YC132KAT2A-ND"; VariantName = "[No Variations]"
Add component (AddParameter): Name = "Supplier Part Number 2"; Value = ""; VariantName = "[No Variations]"
Add component (AddParameter): Name = "Supplier Part Number 3"; Value = ""; VariantName = "[No Variations]"
Add component (AddParameter): Name = "SymbolVersion"; Value = "2008-07-09"; VariantName = "[No Variations]"
Add component (AddParameter): Name = "TaMax_C"; Value = "125"; VariantName = "[No Variations]"
Add component (AddParameter): Name = "TaMin_C"; Value = "-55"; VariantName = "[No Variations]"
Add component (AddParameter): Name = "Technology"; Value = "Ceramic"; VariantName = "[No Variations]"
Add component (AddParameter): Name = "TempCo"; Value = "X7R"; VariantName = "[No Variations]"
Add component (AddParameter): Name = "Tolerance_%"; Value = "10"; VariantName = "[No Variations]"
Add component (AddParameter): Name = "U/M"; Value = "EA"; VariantName = "[No Variations]"
Add component (AddParameter): Name = "Value"; Value = "1300pF"; VariantName = "[No Variations]"
Add component (AddParameter): Name = "Value1"; Value = "Unknown"; VariantName = "[No Variations]"
Add component (AddParameter): Name = "Value2"; Value = "16V"; VariantName = "[No Variations]"
Add component (AddParameter): Name = "ValueDisplayed"; Value = "0.1uF"; VariantName = "[No Variations]"
Add component (AddParameter): Name = "VDC_V"; Value = "16"; VariantName = "[No Variations]"
Added Pin To Net: NetName=NetC16_2 Pin=C16-1
Added Pin To Net: NetName=3.3V Pin=C17-1
Added Pin To Net: NetName=GND Pin=C17-2
Added Pin To Net: NetName=GND Pin=C18-1
Added Pin To Net: NetName=3.3V Pin=C18-2
Added Pin To Net: NetName=GND Pin=C19-1
Added Pin To Net: NetName=3.3V Pin=C19-2
Added Pin To Net: NetName=NetD0_1 Pin=R1-1
Added Pin To Net: NetName=NetD1_1 Pin=R2-1
Added Pin To Net: NetName=SYS Pin=R3-1
Added Pin To Net: NetName=GND Pin=R4-1
Added Pin To Net: NetName=GND Pin=R5-1
Added Pin To Net: NetName=REGN Pin=R6-2
Added Pin To Net: NetName=GND Pin=R7-1
Added Pin To Net: NetName=GND Pin=R9-1
Added Pin To Net: NetName=NetD2_2 Pin=R9-2
Change Net Name : Old Net Name=NetC16_2 New Net Name=NetC16_1
Added Pin To Net: NetName=NetC16_2 Pin=C16-2
Added Pin To Net: NetName=NetC16_2 Pin=U4-21
Added Net: Name=NetC16_2
Added Pin To Net: NetName=NetR1_2 Pin=R1-2
Added Pin To Net: NetName=NetR1_2 Pin=U2-11
Added Net: Name=NetR1_2
Added Pin To Net: NetName=NetR2_2 Pin=R2-2
Added Pin To Net: NetName=NetR2_2 Pin=U2-10
Added Net: Name=NetR2_2
Added Pin To Net: NetName=NetR3_2 Pin=R3-2
Added Pin To Net: NetName=NetR3_2 Pin=U4-8
Added Net: Name=NetR3_2
Added Pin To Net: NetName=NetR4_2 Pin=R4-2
Added Pin To Net: NetName=NetR4_2 Pin=U4-9
Added Net: Name=NetR4_2
Added Pin To Net: NetName=NetR5_2 Pin=R5-2
Added Pin To Net: NetName=NetR5_2 Pin=U4-10
Added Net: Name=NetR5_2
Added Pin To Net: NetName=NetR6_1 Pin=R6-1
Added Pin To Net: NetName=NetR6_1 Pin=R7-2
Added Pin To Net: NetName=NetR6_1 Pin=U4-11
Added Net: Name=NetR6_1
Added Member To Class: ClassName=Sheet1 Member=Component C17 0402YC132KAT2A
Added Room: Name=Sheet1
